{"sessionId":"c01f7b","location":"GameBoardPanel.java:paintComponent","message":"paintComponent bounds","data":{"w":720,"h":720,"left":-160,"top":-160,"right":880,"bottom":880},"hypothesisId":"H1,H3","timestamp":1771426217283}
{"sessionId":"c01f7b","location":"GameBoardPanel.java:drawBirthPoints","message":"birth point coords","data":{"side":160,"yellow":[-160,-160],"blue":[720,-160],"red":[720,720],"green":[-160,720]},"hypothesisId":"H1,H4","timestamp":1771426217294}
{"sessionId":"c01f7b","location":"GameBoardPanel.java:drawBirthPointCell","message":"drawBirthPointCell","data":{"x":-160,"y":-160,"side":160,"color":"YELLOW"},"hypothesisId":"H1,H4","timestamp":1771426217297}
{"sessionId":"c01f7b","location":"GameBoardPanel.java:drawBirthPointCell","message":"drawBirthPointCell","data":{"x":720,"y":-160,"side":160,"color":"BLUE"},"hypothesisId":"H1,H4","timestamp":1771426217299}
{"sessionId":"c01f7b","location":"GameBoardPanel.java:drawBirthPointCell","message":"drawBirthPointCell","data":{"x":720,"y":720,"side":160,"color":"RED"},"hypothesisId":"H1,H4","timestamp":1771426217299}
{"sessionId":"c01f7b","location":"GameBoardPanel.java:drawBirthPointCell","message":"drawBirthPointCell","data":{"x":-160,"y":720,"side":160,"color":"GREEN"},"hypothesisId":"H1,H4","timestamp":1771426217299}
{"sessionId":"c01f7b","location":"GameBoardPanel.java:paintComponent","message":"paintComponent bounds","data":{"w":720,"h":720,"left":-160,"top":-160,"right":880,"bottom":880},"hypothesisId":"H1,H3","timestamp":1771426217343}
{"sessionId":"c01f7b","location":"GameBoardPanel.java:drawBirthPoints","message":"birth point coords","data":{"side":160,"yellow":[-160,-160],"blue":[720,-160],"red":[720,720],"green":[-160,720]},"hypothesisId":"H1,H4","timestamp":1771426217343}
{"sessionId":"c01f7b","location":"GameBoardPanel.java:drawBirthPointCell","message":"drawBirthPointCell","data":{"x":-160,"y":-160,"side":160,"color":"YELLOW"},"hypothesisId":"H1,H4","timestamp":1771426217343}
{"sessionId":"c01f7b","location":"GameBoardPanel.java:drawBirthPointCell","message":"drawBirthPointCell","data":{"x":720,"y":-160,"side":160,"color":"BLUE"},"hypothesisId":"H1,H4","timestamp":1771426217343}
{"sessionId":"c01f7b","location":"GameBoardPanel.java:drawBirthPointCell","message":"drawBirthPointCell","data":{"x":720,"y":720,"side":160,"color":"RED"},"hypothesisId":"H1,H4","timestamp":1771426217343}
{"sessionId":"c01f7b","location":"GameBoardPanel.java:drawBirthPointCell","message":"drawBirthPointCell","data":{"x":-160,"y":720,"side":160,"color":"GREEN"},"hypothesisId":"H1,H4","timestamp":1771426217344}
{"sessionId":"c01f7b","location":"GameBoardPanel.java:paintComponent","message":"paintComponent bounds","data":{"w":720,"h":720,"left":-160,"top":-160,"right":880,"bottom":880},"hypothesisId":"H1,H3","timestamp":1771426220737}
{"sessionId":"c01f7b","location":"GameBoardPanel.java:drawBirthPoints","message":"birth point coords","data":{"side":160,"yellow":[-160,-160],"blue":[720,-160],"red":[720,720],"green":[-160,720]},"hypothesisId":"H1,H4","timestamp":1771426220737}
{"sessionId":"c01f7b","location":"GameBoardPanel.java:drawBirthPointCell","message":"drawBirthPointCell","data":{"x":-160,"y":-160,"side":160,"color":"YELLOW"},"hypothesisId":"H1,H4","timestamp":1771426220737}
{"sessionId":"c01f7b","location":"GameBoardPanel.java:drawBirthPointCell","message":"drawBirthPointCell","data":{"x":720,"y":-160,"side":160,"color":"BLUE"},"hypothesisId":"H1,H4","timestamp":1771426220737}
{"sessionId":"c01f7b","location":"GameBoardPanel.java:drawBirthPointCell","message":"drawBirthPointCell","data":{"x":720,"y":720,"side":160,"color":"RED"},"hypothesisId":"H1,H4","timestamp":1771426220737}
{"sessionId":"c01f7b","location":"GameBoardPanel.java:drawBirthPointCell","message":"drawBirthPointCell","data":{"x":-160,"y":720,"side":160,"color":"GREEN"},"hypothesisId":"H1,H4","timestamp":1771426220738}
{"sessionId":"c01f7b","location":"GameBoardPanel.java:paintComponent","message":"paintComponent bounds","data":{"w":720,"h":720,"left":-160,"top":-160,"right":880,"bottom":880},"hypothesisId":"H1,H3","timestamp":1771426335659}
{"sessionId":"c01f7b","location":"GameBoardPanel.java:drawBirthPoints","message":"birth point coords","data":{"side":160,"yellow":[0,0],"blue":[560,0],"red":[560,560],"green":[0,560]},"hypothesisId":"H1,H4","timestamp":1771426335667}
{"sessionId":"c01f7b","location":"GameBoardPanel.java:drawBirthPointCell","message":"drawBirthPointCell","data":{"x":0,"y":0,"side":160,"color":"YELLOW"},"hypothesisId":"H1,H4","timestamp":1771426335669}
{"sessionId":"c01f7b","location":"GameBoardPanel.java:drawBirthPointCell","message":"drawBirthPointCell","data":{"x":560,"y":0,"side":160,"color":"BLUE"},"hypothesisId":"H1,H4","timestamp":1771426335671}
{"sessionId":"c01f7b","location":"GameBoardPanel.java:drawBirthPointCell","message":"drawBirthPointCell","data":{"x":560,"y":560,"side":160,"color":"RED"},"hypothesisId":"H1,H4","timestamp":1771426335671}
{"sessionId":"c01f7b","location":"GameBoardPanel.java:drawBirthPointCell","message":"drawBirthPointCell","data":{"x":0,"y":560,"side":160,"color":"GREEN"},"hypothesisId":"H1,H4","timestamp":1771426335671}
{"sessionId":"c01f7b","location":"GameBoardPanel.java:paintComponent","message":"paintComponent bounds","data":{"w":720,"h":720,"left":-160,"top":-160,"right":880,"bottom":880},"hypothesisId":"H1,H3","timestamp":1771426335722}
{"sessionId":"c01f7b","location":"GameBoardPanel.java:drawBirthPoints","message":"birth point coords","data":{"side":160,"yellow":[0,0],"blue":[560,0],"red":[560,560],"green":[0,560]},"hypothesisId":"H1,H4","timestamp":1771426335722}
{"sessionId":"c01f7b","location":"GameBoardPanel.java:drawBirthPointCell","message":"drawBirthPointCell","data":{"x":0,"y":0,"side":160,"color":"YELLOW"},"hypothesisId":"H1,H4","timestamp":1771426335722}
{"sessionId":"c01f7b","location":"GameBoardPanel.java:drawBirthPointCell","message":"drawBirthPointCell","data":{"x":560,"y":0,"side":160,"color":"BLUE"},"hypothesisId":"H1,H4","timestamp":1771426335722}
{"sessionId":"c01f7b","location":"GameBoardPanel.java:drawBirthPointCell","message":"drawBirthPointCell","data":{"x":560,"y":560,"side":160,"color":"RED"},"hypothesisId":"H1,H4","timestamp":1771426335723}
{"sessionId":"c01f7b","location":"GameBoardPanel.java:drawBirthPointCell","message":"drawBirthPointCell","data":{"x":0,"y":560,"side":160,"color":"GREEN"},"hypothesisId":"H1,H4","timestamp":1771426335723}
{"sessionId":"c01f7b","location":"GameBoardPanel.java:paintComponent","message":"paintComponent bounds","data":{"w":720,"h":720,"left":-160,"top":-160,"right":880,"bottom":880},"hypothesisId":"H1,H3","timestamp":1771426390939}
{"sessionId":"c01f7b","location":"GameBoardPanel.java:drawBirthPoints","message":"birth point coords","data":{"side":160,"yellow":[0,0],"blue":[560,0],"red":[560,560],"green":[0,560]},"hypothesisId":"H1,H4","timestamp":1771426390947}
{"sessionId":"c01f7b","location":"GameBoardPanel.java:drawBirthPointCell","message":"drawBirthPointCell","data":{"x":0,"y":0,"side":160,"color":"YELLOW"},"hypothesisId":"H1,H4","timestamp":1771426390950}
{"sessionId":"c01f7b","location":"GameBoardPanel.java:drawBirthPointCell","message":"drawBirthPointCell","data":{"x":560,"y":0,"side":160,"color":"BLUE"},"hypothesisId":"H1,H4","timestamp":1771426390951}
{"sessionId":"c01f7b","location":"GameBoardPanel.java:drawBirthPointCell","message":"drawBirthPointCell","data":{"x":560,"y":560,"side":160,"color":"RED"},"hypothesisId":"H1,H4","timestamp":1771426390951}
{"sessionId":"c01f7b","location":"GameBoardPanel.java:drawBirthPointCell","message":"drawBirthPointCell","data":{"x":0,"y":560,"side":160,"color":"GREEN"},"hypothesisId":"H1,H4","timestamp":1771426390951}
{"sessionId":"c01f7b","location":"GameBoardPanel.java:paintComponent","message":"paintComponent bounds","data":{"w":720,"h":720,"left":-160,"top":-160,"right":880,"bottom":880},"hypothesisId":"H1,H3","timestamp":1771426390985}
{"sessionId":"c01f7b","location":"GameBoardPanel.java:drawBirthPoints","message":"birth point coords","data":{"side":160,"yellow":[0,0],"blue":[560,0],"red":[560,560],"green":[0,560]},"hypothesisId":"H1,H4","timestamp":1771426390985}
{"sessionId":"c01f7b","location":"GameBoardPanel.java:drawBirthPointCell","message":"drawBirthPointCell","data":{"x":0,"y":0,"side":160,"color":"YELLOW"},"hypothesisId":"H1,H4","timestamp":1771426390985}
{"sessionId":"c01f7b","location":"GameBoardPanel.java:drawBirthPointCell","message":"drawBirthPointCell","data":{"x":560,"y":0,"side":160,"color":"BLUE"},"hypothesisId":"H1,H4","timestamp":1771426390985}
{"sessionId":"c01f7b","location":"GameBoardPanel.java:drawBirthPointCell","message":"drawBirthPointCell","data":{"x":560,"y":560,"side":160,"color":"RED"},"hypothesisId":"H1,H4","timestamp":1771426390985}
{"sessionId":"c01f7b","location":"GameBoardPanel.java:drawBirthPointCell","message":"drawBirthPointCell","data":{"x":0,"y":560,"side":160,"color":"GREEN"},"hypothesisId":"H1,H4","timestamp":1771426390985}
{"sessionId":"c01f7b","location":"GameBoardPanel.java:paintComponent","message":"paintComponent bounds","data":{"w":720,"h":720,"left":-160,"top":-160,"right":880,"bottom":880},"hypothesisId":"H1,H3","timestamp":1771426515011}
{"sessionId":"c01f7b","location":"GameBoardPanel.java:drawBirthPoints","message":"birth point coords","data":{"side":160,"yellow":[0,0],"blue":[560,0],"red":[560,560],"green":[0,560]},"hypothesisId":"H1,H4","timestamp":1771426515019}
{"sessionId":"c01f7b","location":"GameBoardPanel.java:drawBirthPointCell","message":"drawBirthPointCell","data":{"x":0,"y":0,"side":160,"color":"YELLOW"},"hypothesisId":"H1,H4","timestamp":1771426515021}
{"sessionId":"c01f7b","location":"GameBoardPanel.java:drawBirthPointCell","message":"drawBirthPointCell","data":{"x":560,"y":0,"side":160,"color":"BLUE"},"hypothesisId":"H1,H4","timestamp":1771426515023}
{"sessionId":"c01f7b","location":"GameBoardPanel.java:drawBirthPointCell","message":"drawBirthPointCell","data":{"x":560,"y":560,"side":160,"color":"RED"},"hypothesisId":"H1,H4","timestamp":1771426515023}
{"sessionId":"c01f7b","location":"GameBoardPanel.java:drawBirthPointCell","message":"drawBirthPointCell","data":{"x":0,"y":560,"side":160,"color":"GREEN"},"hypothesisId":"H1,H4","timestamp":1771426515023}
{"sessionId":"c01f7b","location":"GameBoardPanel.java:paintComponent","message":"paintComponent bounds","data":{"w":720,"h":720,"left":-160,"top":-160,"right":880,"bottom":880},"hypothesisId":"H1,H3","timestamp":1771426515066}
{"sessionId":"c01f7b","location":"GameBoardPanel.java:drawBirthPoints","message":"birth point coords","data":{"side":160,"yellow":[0,0],"blue":[560,0],"red":[560,560],"green":[0,560]},"hypothesisId":"H1,H4","timestamp":1771426515067}
{"sessionId":"c01f7b","location":"GameBoardPanel.java:drawBirthPointCell","message":"drawBirthPointCell","data":{"x":0,"y":0,"side":160,"color":"YELLOW"},"hypothesisId":"H1,H4","timestamp":1771426515067}
{"sessionId":"c01f7b","location":"GameBoardPanel.java:drawBirthPointCell","message":"drawBirthPointCell","data":{"x":560,"y":0,"side":160,"color":"BLUE"},"hypothesisId":"H1,H4","timestamp":1771426515067}
{"sessionId":"c01f7b","location":"GameBoardPanel.java:drawBirthPointCell","message":"drawBirthPointCell","data":{"x":560,"y":560,"side":160,"color":"RED"},"hypothesisId":"H1,H4","timestamp":1771426515067}
{"sessionId":"c01f7b","location":"GameBoardPanel.java:drawBirthPointCell","message":"drawBirthPointCell","data":{"x":0,"y":560,"side":160,"color":"GREEN"},"hypothesisId":"H1,H4","timestamp":1771426515067}
